feb. 18, 2024 7:33:37 P. M. co.uniquindio.ingesis.programacion3.almacen.almacen.Model.Almacen getInstance
INFORMACIÓN: se intancia el singleton
feb. 18, 2024 8:55:15 P. M. co.uniquindio.ingesis.programacion3.almacen.almacen.Model.Almacen getInstance
INFORMACIÓN: se intancia el singleton
feb. 18, 2024 8:55:41 P. M. co.uniquindio.ingesis.programacion3.almacen.almacen.Model.Almacen getInstance
INFORMACIÓN: se intancia el singleton
feb. 18, 2024 8:59:41 P. M. co.uniquindio.ingesis.programacion3.almacen.almacen.Model.Almacen getInstance
INFORMACIÓN: se intancia el singleton
feb. 18, 2024 9:05:44 P. M. co.uniquindio.ingesis.programacion3.almacen.almacen.Model.Almacen getInstance
INFORMACIÓN: se intancia el singleton
feb. 18, 2024 9:07:21 P. M. co.uniquindio.ingesis.programacion3.almacen.almacen.Model.Almacen getInstance
INFORMACIÓN: se intancia el singleton
feb. 18, 2024 9:08:24 P. M. co.uniquindio.ingesis.programacion3.almacen.almacen.Model.Almacen getInstance
INFORMACIÓN: se intancia el singleton
feb. 18, 2024 9:10:06 P. M. co.uniquindio.ingesis.programacion3.almacen.almacen.Model.Almacen getInstance
INFORMACIÓN: se intancia el singleton
feb. 18, 2024 9:12:36 P. M. co.uniquindio.ingesis.programacion3.almacen.almacen.Model.Almacen getInstance
INFORMACIÓN: se intancia el singleton
feb. 18, 2024 9:16:00 P. M. co.uniquindio.ingesis.programacion3.almacen.almacen.Model.Almacen getInstance
INFORMACIÓN: se intancia el singleton
feb. 18, 2024 9:20:27 P. M. co.uniquindio.ingesis.programacion3.almacen.almacen.Model.Almacen getInstance
INFORMACIÓN: se intancia el singleton
feb. 18, 2024 9:23:34 P. M. co.uniquindio.ingesis.programacion3.almacen.almacen.Model.Almacen getInstance
INFORMACIÓN: se intancia el singleton
feb. 18, 2024 9:24:08 P. M. co.uniquindio.ingesis.programacion3.almacen.almacen.Model.Almacen getInstance
INFORMACIÓN: se intancia el singleton
feb. 18, 2024 9:24:38 P. M. co.uniquindio.ingesis.programacion3.almacen.almacen.Model.Almacen getInstance
INFORMACIÓN: se intancia el singleton
feb. 18, 2024 9:25:45 P. M. co.uniquindio.ingesis.programacion3.almacen.almacen.Model.Almacen getInstance
INFORMACIÓN: se intancia el singleton
feb. 18, 2024 9:26:42 P. M. co.uniquindio.ingesis.programacion3.almacen.almacen.Model.Almacen getInstance
INFORMACIÓN: se intancia el singleton
feb. 18, 2024 9:48:16 P. M. co.uniquindio.ingesis.programacion3.almacen.almacen.Model.Almacen getInstance
INFORMACIÓN: se intancia el singleton
feb. 18, 2024 9:58:55 P. M. co.uniquindio.ingesis.programacion3.almacen.almacen.Model.Almacen getInstance
INFORMACIÓN: se intancia el singleton
feb. 18, 2024 10:01:07 P. M. co.uniquindio.ingesis.programacion3.almacen.almacen.Model.Almacen getInstance
INFORMACIÓN: se intancia el singleton
feb. 18, 2024 10:01:21 P. M. co.uniquindio.ingesis.programacion3.almacen.almacen.Model.Almacen registrarCliente
INFORMACIÓN: Se ha registrado un cliente natural dwadwda
feb. 18, 2024 10:30:50 P. M. co.uniquindio.ingesis.programacion3.almacen.almacen.Model.Almacen getInstance
INFORMACIÓN: se intancia el singleton
feb. 18, 2024 10:31:06 P. M. co.uniquindio.ingesis.programacion3.almacen.almacen.Model.Almacen registrarCliente
INFORMACIÓN: Se ha registrado un cliente juridico  qweqwe
feb. 18, 2024 10:32:33 P. M. co.uniquindio.ingesis.programacion3.almacen.almacen.Model.Almacen getInstance
INFORMACIÓN: se intancia el singleton
feb. 18, 2024 10:35:41 P. M. co.uniquindio.ingesis.programacion3.almacen.almacen.Model.Almacen getInstance
INFORMACIÓN: se intancia el singleton
feb. 18, 2024 10:38:21 P. M. co.uniquindio.ingesis.programacion3.almacen.almacen.Model.Almacen getInstance
INFORMACIÓN: se intancia el singleton
feb. 18, 2024 10:38:48 P. M. co.uniquindio.ingesis.programacion3.almacen.almacen.Model.Almacen registrarCliente
INFORMACIÓN: Se ha registrado un cliente juridico  awfawfaw
feb. 18, 2024 10:38:50 P. M. co.uniquindio.ingesis.programacion3.almacen.almacen.Model.Almacen registrarCliente
INFORMACIÓN: Se ha hecho un intento de registro de cliente con campos vacios.
feb. 18, 2024 10:39:10 P. M. co.uniquindio.ingesis.programacion3.almacen.almacen.Model.Almacen registrarCliente
INFORMACIÓN: Se ha registrado un cliente natural afwfawf
feb. 18, 2024 10:39:34 P. M. co.uniquindio.ingesis.programacion3.almacen.almacen.Model.Almacen getInstance
INFORMACIÓN: se intancia el singleton
feb. 18, 2024 10:39:46 P. M. co.uniquindio.ingesis.programacion3.almacen.almacen.Model.Almacen registrarCliente
INFORMACIÓN: Se ha registrado un cliente natural awdadw
feb. 18, 2024 10:39:48 P. M. co.uniquindio.ingesis.programacion3.almacen.almacen.Model.Almacen registrarCliente
INFORMACIÓN: Se ha hecho un intento de registro de cliente con campos vacios.
feb. 18, 2024 10:40:24 P. M. co.uniquindio.ingesis.programacion3.almacen.almacen.Model.Almacen getInstance
INFORMACIÓN: se intancia el singleton
feb. 18, 2024 10:40:36 P. M. co.uniquindio.ingesis.programacion3.almacen.almacen.Model.Almacen registrarCliente
INFORMACIÓN: Se ha registrado un cliente juridico  qweqwe
feb. 18, 2024 10:46:41 P. M. co.uniquindio.ingesis.programacion3.almacen.almacen.Model.Almacen getInstance
INFORMACIÓN: se intancia el singleton
feb. 18, 2024 10:46:59 P. M. co.uniquindio.ingesis.programacion3.almacen.almacen.Model.Almacen registrarCliente
INFORMACIÓN: Se ha registrado un cliente juridico  10000000000111111111111111
feb. 18, 2024 10:50:08 P. M. co.uniquindio.ingesis.programacion3.almacen.almacen.Model.Almacen getInstance
INFORMACIÓN: se intancia el singleton
feb. 18, 2024 10:50:13 P. M. co.uniquindio.ingesis.programacion3.almacen.almacen.Model.Almacen registrarCliente
INFORMACIÓN: Se ha hecho un intento de registro de cliente con campos vacios.
feb. 18, 2024 10:52:45 P. M. co.uniquindio.ingesis.programacion3.almacen.almacen.Model.Almacen getInstance
INFORMACIÓN: se intancia el singleton
feb. 18, 2024 10:52:49 P. M. co.uniquindio.ingesis.programacion3.almacen.almacen.Model.Almacen registrarCliente
INFORMACIÓN: Se ha hecho un intento de registro de cliente con campos vacios.
feb. 18, 2024 10:53:03 P. M. co.uniquindio.ingesis.programacion3.almacen.almacen.Model.Almacen registrarCliente
INFORMACIÓN: Se ha registrado un cliente juridico  dasdda
feb. 18, 2024 10:53:57 P. M. co.uniquindio.ingesis.programacion3.almacen.almacen.Model.Almacen registrarCliente
INFORMACIÓN: Se ha registrado un cliente natural qweqwe
feb. 18, 2024 10:54:11 P. M. co.uniquindio.ingesis.programacion3.almacen.almacen.Model.Almacen registrarCliente
INFORMACIÓN: Se ha hecho un intento de registro de cliente con campos vacios.
feb. 18, 2024 10:54:17 P. M. co.uniquindio.ingesis.programacion3.almacen.almacen.Model.Almacen registrarCliente
INFORMACIÓN: Se ha hecho un intento de registro de cliente con campos vacios.
feb. 18, 2024 10:55:24 P. M. co.uniquindio.ingesis.programacion3.almacen.almacen.Model.Almacen getInstance
INFORMACIÓN: se intancia el singleton
feb. 18, 2024 10:55:36 P. M. co.uniquindio.ingesis.programacion3.almacen.almacen.Model.Almacen registrarCliente
INFORMACIÓN: Se ha registrado un cliente juridico  awdwad
feb. 18, 2024 11:23:17 P. M. co.uniquindio.ingesis.programacion3.almacen.almacen.Model.Almacen getInstance
INFORMACIÓN: se intancia el singleton
feb. 18, 2024 11:23:29 P. M. co.uniquindio.ingesis.programacion3.almacen.almacen.Model.Almacen registrarCliente
INFORMACIÓN: Se ha registrado un cliente natural asds
feb. 18, 2024 11:28:51 P. M. co.uniquindio.ingesis.programacion3.almacen.almacen.Model.Almacen getInstance
INFORMACIÓN: se intancia el singleton
feb. 18, 2024 11:29:00 P. M. co.uniquindio.ingesis.programacion3.almacen.almacen.Model.Almacen registrarCliente
INFORMACIÓN: Se ha registrado un cliente juridico  qweqw
feb. 18, 2024 11:29:08 P. M. co.uniquindio.ingesis.programacion3.almacen.almacen.Model.Almacen registrarCliente
INFORMACIÓN: Se ha hecho un intento de registro de cliente con campos vacios.
feb. 18, 2024 11:30:15 P. M. co.uniquindio.ingesis.programacion3.almacen.almacen.Model.Almacen getInstance
INFORMACIÓN: se intancia el singleton
feb. 18, 2024 11:30:29 P. M. co.uniquindio.ingesis.programacion3.almacen.almacen.Model.Almacen registrarCliente
INFORMACIÓN: Se ha registrado un cliente juridico  effesfse
feb. 18, 2024 11:34:31 P. M. co.uniquindio.ingesis.programacion3.almacen.almacen.Model.Almacen getInstance
INFORMACIÓN: se intancia el singleton
feb. 18, 2024 11:34:42 P. M. co.uniquindio.ingesis.programacion3.almacen.almacen.Model.Almacen registrarCliente
INFORMACIÓN: Se ha registrado un cliente natural werrwrer
feb. 18, 2024 11:40:30 P. M. co.uniquindio.ingesis.programacion3.almacen.almacen.Model.Almacen getInstance
INFORMACIÓN: se intancia el singleton
feb. 18, 2024 11:40:40 P. M. co.uniquindio.ingesis.programacion3.almacen.almacen.Model.Almacen registrarCliente
INFORMACIÓN: Se ha registrado un cliente natural dqwqwd
feb. 18, 2024 11:41:11 P. M. co.uniquindio.ingesis.programacion3.almacen.almacen.Model.Almacen getInstance
INFORMACIÓN: se intancia el singleton
feb. 18, 2024 11:41:20 P. M. co.uniquindio.ingesis.programacion3.almacen.almacen.Model.Almacen registrarCliente
INFORMACIÓN: Se ha registrado un cliente juridico  dwadwdda
feb. 18, 2024 11:49:43 P. M. co.uniquindio.ingesis.programacion3.almacen.almacen.Model.Almacen getInstance
INFORMACIÓN: se intancia el singleton
feb. 18, 2024 11:49:57 P. M. co.uniquindio.ingesis.programacion3.almacen.almacen.Model.Almacen getInstance
INFORMACIÓN: se intancia el singleton
feb. 18, 2024 11:50:11 P. M. co.uniquindio.ingesis.programacion3.almacen.almacen.Model.Almacen registrarCliente
INFORMACIÓN: Se ha registrado un cliente juridico  awddawd
